Listening...
Writing message to client: Starting OutsideIn

Received empty packet from client
Listening...
Listening...
Stopping...
Starting OutsideIn...
Writing message to client: Starting OutsideIn
Received empty packet from client
Listening...
Stopping...
Starting Clear...
Writing message to client: Starting Clear
Stopping...
Starting RoundAndRound...
Writing message to client: Starting RoundAndRound
Stopping...
Starting OutsideIn...
Writing message to client: Starting OutsideIn
Received empty packet from client
Listening...
Received empty packet from client
Listening...
Received empty packet from client
Listening...
Received empty packet from client
Listening...
Received empty packet from client
Listening...
Received empty packet from client
Listening...
Listening...
Received empty packet from client
Listening...
Received empty packet from client
Listening...
Received empty packet from client
Listening...
Received empty packet from client
Listening...
Received empty packet from client
Listening...
Received empty packet from client
Listening...
Stopping...
Starting Snake...
Writing message to client: Starting Snake
Stopping...
Starting RoundAndRound...
Writing message to client: Starting RoundAndRound
Stopping...
Starting RoundAndRound...
Writing message to client: Starting RoundAndRound
Stopping...
Starting RoundAndRound...
Writing message to client: Starting RoundAndRound
Stopping...
Starting Clear...
Writing message to client: Starting Clear
Stopping...
Starting Clear...
Writing message to client: Starting Clear
Cannot receive data from client
Listening...
Stopping...
Starting Snake...
Writing message to client: Starting Snake
Stopping...
Starting Snake...
Writing message to client: Starting Snake
Stopping...
Starting Snake...
Writing message to client: Starting Snake
Listening...
{"command":"Snake","color":"[I@7da0ca3","speed":"40"}

Stopping...
Starting Snake...
Writing message to client: Starting Snake
Cannot receive data from client
Listening...
{"command":"Snake","color":"[Ljava.lang.String;@7da0ca3","speed":"40"}

Stopping...
Starting Snake...
Writing message to client: Starting Snake
{"command":"Snake","color":"[Ljava.lang.String;@10dcb1e","speed":"40"}

Stopping...
Starting Snake...
Writing message to client: Starting Snake
{"command":"Snake","color":"[Ljava.lang.String;@13b071cc","speed":"40"}

Stopping...
Starting Snake...
Writing message to client: Starting Snake
{"command":"Snake","color":"[Ljava.lang.String;@26c77b2a","speed":"40"}

Stopping...
Starting Snake...
Writing message to client: Starting Snake
Cannot receive data from client
Listening...
Received empty packet from client
Listening...
{"command":"Snake","color":"[Ljava.lang.String;@7da0ca3","speed":"40"}

Stopping...
Starting Snake...
Writing message to client: Starting Snake
{"command":"Snake","color":"[Ljava.lang.String;@10dcb1e","speed":"40"}

Stopping...
Starting Snake...
Writing message to client: Starting Snake
Cannot receive data from client
Listening...
{"command":"Snake","color":"0, 255, 0","speed":"40"}

Stopping...
Starting Snake...
Writing message to client: Starting Snake
Cannot receive data from client
Listening...
Received empty packet from client
Listening...
{"command":"Snake","color":[0,255,0],"speed":"40"}

Stopping...
Starting Snake...
Writing message to client: Starting Snake
Cannot receive data from client
Listening...
{"command":"Snake","color":[255,0,0],"speed":"40"}

Stopping...
Starting Snake...
Writing message to client: Starting Snake
{"command":"Snake","color":[255,0,255],"speed":"40"}

Stopping...
Starting Snake...
Writing message to client: Starting Snake
Cannot receive data from client
Listening...
{"command":"RoundAndRound","color":[0,0,255],"speed":2}
Stopping...
Starting RoundAndRound...
Writing message to client: Starting RoundAndRound
{"color":[0,0,255],"speed":4.851111}
{"color":[0,0,255],"speed":6.749523}{"color":[0,0,255],"speed":8.932698}{"color":[0,0,255],"speed":11.78032}{"color":[0,0,255],"
Writing message to client: Malformed Data
speed":16.74043}
Writing message to client: Malformed Data
{"color":[0,0,255],"speed":21.4383}
{"color":[0,0,255],"speed":26.62553}
{"color":[0,0,255],"speed":32.49787}{"color":[0,0,255],"speed":40.32766}
Writing message to client: Malformed Data
{"color":[0,0,255],"speed":48.15745}
{"color":[0,0,255],"speed":53.73617}{"color":[0,0,255],"speed":57.35744}
Writing message to client: Malformed Data
{"color":[0,0,255],"speed":60}
{"color":[0,0,255],"speed":60}{"color":[0,0,255],"speed":60}{"color":[0,0,255],"speed":60}{"color":[0,0,255],"speed":60}
Writing message to client: Malformed Data
{"color":[0,0,255],"speed":60}
{"color":[0,0,255],"speed":60}
{"command":"OutsideIn","color":[0,0,255],"speed":60}
Stopping...
Starting OutsideIn...
Writing message to client: Starting OutsideIn
Received empty packet from client
Listening...
{"command":"Snake","color":[40,200,52],"speed":"40"}

Stopping...
Starting Snake...
Writing message to client: Starting Snake
Cannot receive data from client
Listening...
{"command":"Clear"}

Stopping...
Starting Clear...
Writing message to client: Starting Clear
{"command":"Clear"}

Stopping...
Starting Clear...
Writing message to client: Starting Clear
{"command":"RoundAndRound","color":[25,34,64],"speed":"50"}

Stopping...
Starting RoundAndRound...
Writing message to client: Starting RoundAndRound
{"command":"OutsideIn","color":[25,34,64],"speed":"50"}

Stopping...
Starting OutsideIn...
Writing message to client: Starting OutsideIn
{"command":"OutsideIn","color":[25,200,61],"speed":"50"}

Stopping...
Starting OutsideIn...
Writing message to client: Starting OutsideIn
Cannot receive data from client
Listening...
Received empty packet from client
Listening...
Received empty packet from client
Listening...
Received empty packet from client
Listening...
{"command":"Clear"}

Stopping...
Starting Clear...
Writing message to client: Starting Clear
{"command":"Snake","color":[0,0,255],"speed":"45"}

Stopping...
Starting Snake...
Writing message to client: Starting Snake
{"command":"OutsideIn","color":[0,0,255],"speed":"45"}

Stopping...
Starting OutsideIn...
Writing message to client: Starting OutsideIn
{"command":"Clear"}

Stopping...
Starting Clear...
Writing message to client: Starting Clear
{"command":"OutsideIn","color":[0,0,255],"speed":"45"}

Stopping...
Starting OutsideIn...
Writing message to client: Starting OutsideIn
{"command":"OutsideIn","color":[0,0,255],"speed":"45"}

Stopping...
Starting OutsideIn...
Writing message to client: Starting OutsideIn
{"command":"Solid","color":[0,0,255],"speed":"45"}

Stopping...
Starting Solid...
Writing message to client: Starting Solid
{"command":"Clear"}

Stopping...
Starting Clear...
Writing message to client: Starting Clear
{"command":"Solid","color":[0,0,255],"speed":"45"}

Stopping...
Starting Solid...
Writing message to client: Starting Solid
{"command":"Clear"}

Stopping...
Starting Clear...
Writing message to client: Starting Clear
{"command":"Solid","color":[0,0,255],"speed":"45"}

Stopping...
Starting Solid...
Writing message to client: Starting Solid
{"command":"Clear"}

Stopping...
Starting Clear...
Writing message to client: Starting Clear
{"command":"Solid","color":[0,0,255],"speed":"45"}

Stopping...
Starting Solid...
Writing message to client: Starting Solid
{"command":"Rainbow","color":[0,0,255],"speed":"45"}

Stopping...
Starting Rainbow...
Writing message to client: Starting Rainbow
{"command":"Clear"}

Stopping...
Starting Clear...
Writing message to client: Starting Clear
{"command":"Rainbow","color":[0,0,255],"speed":"45"}

Stopping...
Starting Rainbow...
Writing message to client: Starting Rainbow
{"command":"Flash","color":[0,0,255],"speed":"45"}

Stopping...
Starting Flash...
Writing message to client: Starting Flash
{"command":"Flash","color":[0,0,255],"speed":"2"}

Stopping...
Starting Flash...
Writing message to client: Starting Flash
{"command":"Flash","color":[0,0,255],"speed":"60"}

Stopping...
Starting Flash...
Writing message to client: Starting Flash
{"command":"Clear"}

Stopping...
Starting Clear...
Writing message to client: Starting Clear
{"command":"Rainbow","color":[0,0,255],"speed":"60"}

Stopping...
Starting Rainbow...
Writing message to client: Starting Rainbow
{"command":"Rainbow","color":[0,0,255],"speed":"2"}

Stopping...
Starting Rainbow...
Writing message to client: Starting Rainbow
{"command":"Rainbow","color":[0,0,255],"speed":"2"}

Stopping...
Starting Rainbow...
Writing message to client: Starting Rainbow
{"command":"Rainbow","color":[0,0,255],"speed":"40"}

Stopping...
Starting Rainbow...
Writing message to client: Starting Rainbow
Listening...
{"command":"Snake","color":[0,0,255],"speed":"40"}

Stopping...
Starting Snake...
Writing message to client: Starting Snake
{"command":"Snake","color":[0,0,255],"speed":"40"}

Stopping...
Starting Snake...
Writing message to client: Starting Snake
{"command":"Snake","color":[0,0,255],"speed":"40"}

Stopping...
Starting Snake...
Writing message to client: Starting Snake
{"command":"Snake","color":[0,0,255],"speed":"40"}

Stopping...
Starting Snake...
Writing message to client: Starting Snake
{"command":"Snake","color":[0,0,255],"speed":"40"}

Stopping...
Starting Snake...
Writing message to client: Starting Snake
{"command":"Snake","color":[0,0,255],"speed":"40"}

Stopping...
Starting Snake...
Writing message to client: Starting Snake
{"command":"Snake","color":[0,0,255],"speed":"40"}

Stopping...
Starting Snake...
Writing message to client: Starting Snake
{"command":"Clear"}

Stopping...
Starting Clear...
Writing message to client: Starting Clear
{"command":"Snake","color":[0,0,255],"speed":"40"}

Stopping...
Starting Snake...
Writing message to client: Starting Snake
{"command":"Rainbow","color":[0,0,255],"speed":"40"}

Stopping...
Starting Rainbow...
Writing message to client: Starting Rainbow
Cannot receive data from client
Listening...
{"command":"Clear"}

Stopping...
Starting Clear...
Writing message to client: Starting Clear
Cannot receive data from client
Listening...
{"command":"Flash","color":[0,210,60],"speed":"40"}

Stopping...
Starting Flash...
Writing message to client: Starting Flash
{"command":"Flash","color":[0,210,60],"speed":"40"}
{"command":"Flash","color":[0,210,60],"speed":"40"}
{"command":"Flash","colo
Writing message to client: Malformed Data
r":[0,210,60],"speed":"40"}

Writing message to client: Malformed Data
{"command":"Flash","color":[0,210,60],"speed":"40"}

Stopping...
Starting Flash...
Writing message to client: Starting Flash
{"command":"Clear"}

Stopping...
Starting Clear...
Writing message to client: Starting Clear
{"command":"Flash","color":[0,210,60],"speed":"40"}

Stopping...
Starting Flash...
Writing message to client: Starting Flash
{"command":"Clear"}

Stopping...
Starting Clear...
Writing message to client: Starting Clear
{"command":"Flash","color":[0,210,60],"speed":"40"}

Stopping...
Starting Flash...
Writing message to client: Starting Flash
{"command":"Clear"}

Stopping...
Starting Clear...
Writing message to client: Starting Clear
{"command":"Flash","color":[0,210,60],"speed":"40"}

Stopping...
Starting Flash...
Writing message to client: Starting Flash
{"command":"Clear"}

Stopping...
Starting Clear...
Writing message to client: Starting Clear
Cannot receive data from client
Listening...
{"command":"Flash","color":[44,166,190],"speed":"40"}

Stopping...
Starting Flash...
Writing message to client: Starting Flash
{"command":"Flash","color":[190,44,0],"speed":"40"}

Stopping...
Starting Flash...
Writing message to client: Starting Flash
{"command":"Flash","color":[255,60,0],"speed":"40"}

Stopping...
Starting Flash...
Writing message to client: Starting Flash
{"command":"Flash","color":[255,11,13],"speed":"40"}

Stopping...
Starting Flash...
Writing message to client: Starting Flash
{"command":"Flash","color":[183,7,9],"speed":"40"}

Stopping...
Starting Flash...
Writing message to client: Starting Flash
{"command":"Flash","color":[0,183,52],"speed":"40"}

Stopping...
Starting Flash...
Writing message to client: Starting Flash
{"command":"Flash","color":[61,104,183],"speed":"40"}

Stopping...
Starting Flash...
Writing message to client: Starting Flash
{"command":"Flash","color":[85,145,255],"speed":"40"}

Stopping...
Starting Flash...
Writing message to client: Starting Flash
{"command":"Clear"}

Stopping...
Starting Clear...
Writing message to client: Starting Clear
Cannot receive data from client
Listening...
{"command":"Clear"}

Stopping...
Starting Clear...
Writing message to client: Starting Clear
{"command":"Flash","color":[255,98,119],"speed":"20"}

Stopping...
Starting Flash...
Writing message to client: Starting Flash
{"command":"Flash","color":[19,7,9],"speed":"20"}

Stopping...
Starting Flash...
Writing message to client: Starting Flash
{"command":"Flash","color":[255,98,119],"speed":"20"}

Stopping...
Starting Flash...
Writing message to client: Starting Flash
{"command":"Flash","color":[178,68,83],"speed":"20"}

Stopping...
Starting Flash...
Writing message to client: Starting Flash
{"command":"Flash","color":[79,112,110],"speed":"20"}

Stopping...
Starting Flash...
Writing message to client: Starting Flash
{"command":"Flash","color":[179,255,250],"speed":"20"}

Stopping...
Starting Flash...
Writing message to client: Starting Flash
{"command":"Flash","color":[27,39,39],"speed":"20"}

Stopping...
Starting Flash...
Writing message to client: Starting Flash
{"command":"Flash","color":[84,248,37],"speed":"20"}

Stopping...
Starting Flash...
Writing message to client: Starting Flash
{"command":"Clear"}

Stopping...
Starting Clear...
Writing message to client: Starting Clear
Cannot receive data from client
Listening...
Received empty packet from client
Listening...
{"command":"Clear"}

Stopping...
Starting Clear...
Writing message to client: Starting Clear
{"command":"Clear"}

Stopping...
Starting Clear...
Writing message to client: Starting Clear
{"command":"Clear"}

Stopping...
Starting Clear...
Writing message to client: Starting Clear
{"command":"Clear"}

Stopping...
Starting Clear...
Writing message to client: Starting Clear
{"command":"Clear"}

Stopping...
Starting Clear...
Writing message to client: Starting Clear
Cannot receive data from client
Listening...
{"command":"Flash","color":[255,255,255],"speed":"39.0"}

Stopping...
Starting Flash...
Writing message to client: Starting Flash
{"command":"Flash","color":[255,255,255],"speed":"22.2"}

Stopping...
Starting Flash...
Writing message to client: Starting Flash
{"command":"Flash","color":[255,255,255],"speed":"60.0"}

Stopping...
Starting Flash...
Writing message to client: Starting Flash
{"command":"Flash","color":[255,255,255],"speed":"0.0"}

Stopping...
Starting Flash...
Writing message to client: Starting Flash
Exception in thread Thread-48:
Traceback (most recent call last):
  File "/usr/lib/python2.7/threading.py", line 552, in __bootstrap_inner
    self.run()
  File "/usr/lib/python2.7/threading.py", line 505, in run
    self.__target(*self.__args, **self.__kwargs)
  File "/home/pi/Desktop/BlinkyPython/flash_example.py", line 43, in flash
    time.sleep(1/float(G.speed))
ZeroDivisionError: float division by zero

{"command":"Flash","color":[255,255,255],"speed":"9.6"}

Stopping...
Starting Flash...
Writing message to client: Starting Flash
{"command":"Flash","color":[255,255,255],"speed":"20.4"}

Stopping...
Starting Flash...
Writing message to client: Starting Flash
{"command":"Flash","color":[255,255,255],"speed":"40.8"}

Stopping...
Starting Flash...
Writing message to client: Starting Flash
{"command":"Clear"}

Stopping...
Starting Clear...
Writing message to client: Starting Clear
{"command":"Clear"}

Stopping...
Starting Clear...
Writing message to client: Starting Clear
{"command":"Clear"}

Stopping...
Starting Clear...
Writing message to client: Starting Clear
{"command":"Clear"}

Stopping...
Starting Clear...
Writing message to client: Starting Clear
{"command":"Clear"}

Stopping...
Starting Clear...
Writing message to client: Starting Clear
{"command":"Clear"}

Stopping...
Starting Clear...
Writing message to client: Starting Clear
{"command":"Clear"}

Stopping...
Starting Clear...
Writing message to client: Starting Clear
{"command":"Clear"}

Stopping...
Starting Clear...
Writing message to client: Starting Clear
{"command":"Clear"}

Stopping...
Starting Clear...
Writing message to client: Starting Clear
{"command":"Clear"}

Stopping...
Starting Clear...
Writing message to client: Starting Clear
{"command":"Clear"}

Stopping...
Starting Clear...
Writing message to client: Starting Clear
{"command":"Clear"}

Stopping...
Starting Clear...
Writing message to client: Starting Clear
{"command":"Clear"}

Stopping...
Starting Clear...
Writing message to client: Starting Clear
{"command":"Clear"}

Stopping...
Starting Clear...
Writing message to client: Starting Clear
Cannot receive data from client
Listening...
{"command":"Clear"}

Stopping...
Starting Clear...
Writing message to client: Starting Clear
{"command":"Clear"}

Stopping...
Starting Clear...
Writing message to client: Starting Clear
{"command":"Clear"}

Stopping...
Starting Clear...
Writing message to client: Starting Clear
{"command":"Clear"}

Stopping...
Starting Clear...
Writing message to client: Starting Clear
{"command":"Clear"}

Stopping...
Starting Clear...
Writing message to client: Starting Clear
{"command":"Clear"}
{"command":"Clear"}

Writing message to client: Malformed Data
{"command":"Clear"}

Stopping...
Starting Clear...
Writing message to client: Starting Clear
{"command":"Clear"}

Stopping...
Starting Clear...
Writing message to client: Starting Clear
{"command":"Clear"}
{"command":"Clear"}

Writing message to client: Malformed Data
{"command":"Clear"}

Stopping...
Starting Clear...
Writing message to client: Starting Clear
{"command":"Clear"}

Stopping...
Starting Clear...
Writing message to client: Starting Clear
{"command":"Clear"}

Stopping...
Starting Clear...
Writing message to client: Starting Clear
{"command":"Clear"}

Stopping...
Starting Clear...
Writing message to client: Starting Clear
{"command":"Clear"}

Stopping...
Starting Clear...
Writing message to client: Starting Clear
{"command":"Clear"}

Stopping...
Starting Clear...
Writing message to client: Starting Clear
{"command":"Clear"}

Stopping...
Starting Clear...
Writing message to client: Starting Clear
{"command":"Clear"}

Stopping...
Starting Clear...
Writing message to client: Starting Clear
{"command":"Clear"}

Stopping...
Starting Clear...
Writing message to client: Starting Clear
Cannot receive data from client
Listening...
